  Main.cpp
D:\Project\C#Project\QLearning\QLearning\Main.cpp(80,50): warning C4267: '인수': 'size_t'에서 'int'(으)로 변환하면서 데이터가 손실될 수 있습니다.
D:\Project\C#Project\QLearning\QLearning\Main.cpp(83,60): warning C4267: '인수': 'size_t'에서 'int'(으)로 변환하면서 데이터가 손실될 수 있습니다.
D:\Project\C#Project\QLearning\QLearning\Main.cpp(132,16): warning C4244: '=': 'float'에서 'int'(으)로 변환하면서 데이터가 손실될 수 있습니다.
D:\Project\C#Project\QLearning\QLearning\Main.cpp(133,16): warning C4244: '=': 'float'에서 'int'(으)로 변환하면서 데이터가 손실될 수 있습니다.
D:\Project\C#Project\QLearning\QLearning\Main.cpp(175,18): warning C4244: '=': 'float'에서 'int'(으)로 변환하면서 데이터가 손실될 수 있습니다.
D:\Project\C#Project\QLearning\QLearning\Main.cpp(176,18): warning C4244: '=': 'float'에서 'int'(으)로 변환하면서 데이터가 손실될 수 있습니다.
D:\Project\C#Project\QLearning\QLearning\Main.cpp(182,18): warning C4244: '=': 'float'에서 'int'(으)로 변환하면서 데이터가 손실될 수 있습니다.
D:\Project\C#Project\QLearning\QLearning\Main.cpp(183,18): warning C4244: '=': 'float'에서 'int'(으)로 변환하면서 데이터가 손실될 수 있습니다.
D:\Project\C#Project\QLearning\QLearning\Main.cpp(192,19): warning C4244: '=': 'float'에서 'int'(으)로 변환하면서 데이터가 손실될 수 있습니다.
D:\Project\C#Project\QLearning\QLearning\Main.cpp(193,19): warning C4244: '=': 'float'에서 'int'(으)로 변환하면서 데이터가 손실될 수 있습니다.
D:\Project\C#Project\QLearning\QLearning\Main.cpp(198,28): warning C4244: '=': 'float'에서 'int'(으)로 변환하면서 데이터가 손실될 수 있습니다.
D:\Project\C#Project\QLearning\QLearning\Main.cpp(199,28): warning C4244: '=': 'float'에서 'int'(으)로 변환하면서 데이터가 손실될 수 있습니다.
D:\Project\C#Project\QLearning\QLearning\Main.cpp(228,107): warning C4244: '인수': 'float'에서 'int'(으)로 변환하면서 데이터가 손실될 수 있습니다.
D:\Project\C#Project\QLearning\QLearning\Main.cpp(228,88): warning C4244: '인수': 'float'에서 'int'(으)로 변환하면서 데이터가 손실될 수 있습니다.
D:\Project\C#Project\QLearning\QLearning\Main.cpp(228,57): warning C4244: '인수': 'float'에서 'int'(으)로 변환하면서 데이터가 손실될 수 있습니다.
D:\Project\C#Project\QLearning\QLearning\Main.cpp(228,31): warning C4244: '인수': 'float'에서 'int'(으)로 변환하면서 데이터가 손실될 수 있습니다.
D:\Project\C#Project\QLearning\QLearning\Main.cpp(239,23): warning C4838: 'float'에서 'LONG'(으)로의 변환에는 축소 변환이 필요합니다.
D:\Project\C#Project\QLearning\QLearning\Main.cpp(239,23): warning C4244: '초기화 중': 'float'에서 'LONG'(으)로 변환하면서 데이터가 손실될 수 있습니다.
D:\Project\C#Project\QLearning\QLearning\Main.cpp(239,36): warning C4838: 'float'에서 'LONG'(으)로의 변환에는 축소 변환이 필요합니다.
D:\Project\C#Project\QLearning\QLearning\Main.cpp(239,36): warning C4244: '초기화 중': 'float'에서 'LONG'(으)로 변환하면서 데이터가 손실될 수 있습니다.
D:\Project\C#Project\QLearning\QLearning\Main.cpp(239,55): warning C4838: 'float'에서 'LONG'(으)로의 변환에는 축소 변환이 필요합니다.
D:\Project\C#Project\QLearning\QLearning\Main.cpp(239,55): warning C4244: '초기화 중': 'float'에서 'LONG'(으)로 변환하면서 데이터가 손실될 수 있습니다.
D:\Project\C#Project\QLearning\QLearning\Main.cpp(239,74): warning C4838: 'float'에서 'LONG'(으)로의 변환에는 축소 변환이 필요합니다.
D:\Project\C#Project\QLearning\QLearning\Main.cpp(239,74): warning C4244: '초기화 중': 'float'에서 'LONG'(으)로 변환하면서 데이터가 손실될 수 있습니다.
D:\Project\C#Project\QLearning\QLearning\Main.cpp(242,26): warning C4244: '+=': 'float'에서 'LONG'(으)로 변환하면서 데이터가 손실될 수 있습니다.
D:\Project\C#Project\QLearning\QLearning\Main.cpp(243,27): warning C4244: '+=': 'float'에서 'LONG'(으)로 변환하면서 데이터가 손실될 수 있습니다.
D:\Project\C#Project\QLearning\QLearning\Main.cpp(244,28): warning C4244: '+=': 'float'에서 'LONG'(으)로 변환하면서 데이터가 손실될 수 있습니다.
D:\Project\C#Project\QLearning\QLearning\Main.cpp(245,25): warning C4244: '+=': 'float'에서 'LONG'(으)로 변환하면서 데이터가 손실될 수 있습니다.
  QLearning.vcxproj -> D:\Project\C#Project\QLearning\x64\Debug\QLearning.exe
